2 408ed4
0 19d94
2 408ed8
1 19d88 3bef95c8
2 408edc
0 13220
2 408ee0
2 408ee4
1 230b8 23152bb0
2 408ee8
0 13220
2 408eec
2 408ef0
2 408ef4
1 13220 4e6c2fc2
2 408ef8
1 230bc 3cdf1fbe
2 408efc
1 230c0 21a0ec45
2 408f00
0 fd8bec
2 408f04
2 408f08
2 408f0c
2 408f10
2 408f14
2 408f18
2 408f1c
2 408f20
2 408f24
2 408f28
2 408f2c
1 230d0 569ff71a
2 408f30
2 408f34
2 408f24
2 408f28
2 408f2c
1 230cc 51d0ea0a
2 408f30
2 408f34
2 408f24
2 408f28
2 408f2c
1 230c8 63855960
2 408f30
2 408f34
2 408f24
2 408f28
2 408f2c
1 230c4 1047ccb2
2 408f30
2 408f34
2 408f38
0 230c4
2 408f3c
2 408f40
2 408f44
2 408f48
2 408f4c
2 408f50
2 408f54
2 408f58
1 230c4 2c659286
2 408f74
2 408f78
2 408f7c
2 408f80
2 408f84
2 408fb0
2 408fb4
2 408fb8
2 408fcc
2 408fd0
0 fd8be4
2 408ff4
2 408ff8
2 408ffc
2 40a308
0 fd8c10
2 40a30c
0 fd8c14
2 40a310
2 40a314
2 40a318
2 40a31c
2 40a320
2 40a324
2 40a328
0 6104
2 40a32c
0 fd8c1c
2 40a330
2 40a334
2 40a338
2 40a33c
1 230c0 1b9a1d3c
2 40a340
2 40a344
2 40a348
0 fd8c20
2 40a34c
2 40a350
2 40a354
0 fd8c24
2 40a358
2 40a35c
1 230cc 1f7f4c64
2 40a360
2 40a364
1 230d0 74a3f5c
2 40a368
0 250dc
2 40a36c
2 40a370
2 40a374
2 40a378
2 40a37c
2 40a380
2 40a384
2 40a388
2 40a38c
2 40a390
0 230a4
2 40a394
2 40a398
2 40a39c
2 40a3a0
2 40a3a4
0 230c4
2 40a3a8
2 40a3ac
2 40a3b0
2 40a3b4
2 40a3b8
2 40a3bc
2 40a3c0
2 40a3c4
1 230c4 25c1f020
2 40a43c
0 fd8c0c
2 40a440
2 40a444
2 40a448
2 417798
2 41779c
0 230c4
2 4177a0
2 4177a4
2 4177a8
0 fd8c40
2 4177ac
0 230c0
2 4177b0
2 4177b4
2 4177b8
1 230c4 412d03ca
2 4177bc
2 4177c0
2 4177c4
2 4177c8
2 4177d8
0 fd8c2c
2 4177dc
0 fd8c28
2 4177e0
2 4177e4
2 403660
2 403664
1 fd8ce0 281f59e1
2 404bc8
0 fd8c80
2 404bcc
0 fda474
2 404bd0
0 12f84
2 404bd4
2 404bd8
0 fd8c74
2 404bdc
2 404be0
2 404be4
1 fda474 25aa59cf
2 404c84
2 404c88
0 fd8ce0
2 404c8c
2 404c90
1 fda00c 6e017ca8
2 404c94
0 fd8c78
2 404c98
2 404c9c
2 404ca0
0 2838
2 404ca4
0 fda474
2 404ca8
2 404cac
2 404cb0
2 404cb4
1 fd8c78 64b4324d
2 404cb8
0 349c
2 404cbc
0 fda2fc
2 404cc0
2 404cc4
2 404cc8
2 404ccc
1 fda47c 2612bc5c
2 404cd0
0 fda47c
2 404cd4
2 404cd8
2 404cdc
2 404ce0
0 fd8c78
2 404ce4
2 404ce8
2 404cec
2 404cf0
0 445c
2 404cf4
1 fd8c80 79a97a48
2 404cf8
2 404cfc
0 fd8c78
2 404d18
2 404d1c
2 404d20
0 3004
2 404d24
2 404d28
1 fda47c 29f0eff4
2 402b28
0 fda474
2 402b2c

